<?xml version="1.0" encoding="UTF-8"?>
<!-- Generated by org.testng.reporters.JUnitXMLReporter -->
<testsuite hostname="HBCNPC005" name="Windows+Firefox Test" tests="1" failures="1" timestamp="14 May 2015 08:15:18 GMT" time="252.542" errors="0">
  <testcase name="CheckOpenComfirmationRequestTaskFF" time="0.033" classname="com.haiberg.automation.apps.client.testcases.OpenComfirmationRequestFF">
    <failure type="com.jacob.com.ComFailException" message="Can&amp;apos;t map name to dispid: Save">
      <![CDATA[com.jacob.com.ComFailException: Can't map name to dispid: Save
	at com.jacob.com.Dispatch.invokev(Native Method)
	at com.jacob.com.Dispatch.invokev(Dispatch.java:625)
	at com.jacob.com.Dispatch.callN(Dispatch.java:453)
	at com.jacob.com.Dispatch.call(Dispatch.java:529)
	at com.haiberg.automation.core.logger.control.WordManager.closeDocument(WordManager.java:530)
	at com.haiberg.automation.core.logger.control.WordManager.openDocument(WordManager.java:71)
	at com.haiberg.automation.core.logger.control.CoreLogger.caseStart(CoreLogger.java:142)
	at com.haiberg.automation.apps.client.testcases.OpenComfirmationRequestFF.CheckOpenComfirmationRequestTaskFF(OpenComfirmationRequestFF.java:162)
	at java.util.concurrent.FutureTask.run(FutureTask.java:262)
	at java.util.concurrent.ThreadPoolExecutor.runWorker(ThreadPoolExecutor.java:1145)
	at java.util.concurrent.ThreadPoolExecutor$Worker.run(ThreadPoolExecutor.java:615)
	at java.lang.Thread.run(Thread.java:745)
... Removed 16 stack frames]]>
    </failure>
  </testcase> <!-- CheckOpenComfirmationRequestTaskFF -->
</testsuite> <!-- Windows+Firefox Test -->
