<?xml version="1.0" encoding="UTF-8"?>
<!-- Generated by org.testng.reporters.JUnitXMLReporter -->
<testsuite hostname="HBCNPC005" name="QuickAccess test" tests="2" failures="0" timestamp="9 Mar 2016 09:32:24 GMT" time="22.194" errors="0">
  <testcase name="CheckUserLogin" time="12.473" classname="com.haiberg.automation.apps.client.testcases.UserLogin"/>
  <testcase name="CheckKIKOpenANewStore01" time="2.876" classname="com.haiberg.automation.apps.client.testcases.KIKOpenANewStore01"/>
</testsuite> <!-- QuickAccess test -->
