<?xml version="1.0" encoding="UTF-8"?>
<!-- Generated by org.testng.reporters.JUnitXMLReporter -->
<testsuite hostname="HBCNPC005" name="UserLogin_001" tests="3" failures="0" timestamp="20 Oct 2014 09:37:39 GMT" time="0.66" errors="0">
  <testcase name="@BeforeClass setup1" time="0.0" classname="com.haiberg.automation.apps.client.testcases.UserLogin_001">
    <failure type="java.lang.NoClassDefFoundError" message="freemarker/cache/TemplateLoader">
      <![CDATA[java.lang.NoClassDefFoundError: freemarker/cache/TemplateLoader
	at com.haiberg.automation.core.logger.control.ExcelReport.<clinit>(ExcelReport.java:23)
	at com.haiberg.automation.apps.client.testcases.UserLogin_001.setup1(UserLogin_001.java:103)
Caused by: java.lang.ClassNotFoundException: freemarker.cache.TemplateLoader
	at java.net.URLClassLoader$1.run(Unknown Source)
	at java.security.AccessController.doPrivileged(Native Method)
	at java.net.URLClassLoader.findClass(Unknown Source)
	at java.lang.ClassLoader.loadClass(Unknown Source)
	at sun.misc.Launcher$AppClassLoader.loadClass(Unknown Source)
	at java.lang.ClassLoader.loadClass(Unknown Source)
	... 25 more
... Removed 23 stack frames]]>
    </failure>
  </testcase> <!-- @BeforeClass setup1 -->
  <testcase name="@BeforeMethod setup" time="0.0" classname="com.haiberg.automation.apps.client.testcases.UserLogin_001">
    <skipped/>
  </testcase> <!-- @BeforeMethod setup -->
  <testcase name="@AfterMethod tearDown" time="0.0" classname="com.haiberg.automation.apps.client.testcases.UserLogin_001">
    <skipped/>
  </testcase> <!-- @AfterMethod tearDown -->
  <testcase name="@BeforeMethod setup" time="0.0" classname="com.haiberg.automation.apps.client.testcases.UserLogin_001">
    <skipped/>
  </testcase> <!-- @BeforeMethod setup -->
  <testcase name="@AfterMethod tearDown" time="0.0" classname="com.haiberg.automation.apps.client.testcases.UserLogin_001">
    <skipped/>
  </testcase> <!-- @AfterMethod tearDown -->
  <testcase name="@BeforeMethod setup" time="0.0" classname="com.haiberg.automation.apps.client.testcases.UserLogin_001">
    <skipped/>
  </testcase> <!-- @BeforeMethod setup -->
  <testcase name="@AfterMethod tearDown" time="0.0" classname="com.haiberg.automation.apps.client.testcases.UserLogin_001">
    <skipped/>
  </testcase> <!-- @AfterMethod tearDown -->
  <testcase name="@AfterClass tearDown1" time="0.0" classname="com.haiberg.automation.apps.client.testcases.UserLogin_001">
    <skipped/>
  </testcase> <!-- @AfterClass tearDown1 -->
  <testcase name="UserLogin" time="0.0" classname="com.haiberg.automation.apps.client.testcases.UserLogin_001">
    <skipped/>
  </testcase> <!-- UserLogin -->
  <testcase name="UserLogin" time="0.0" classname="com.haiberg.automation.apps.client.testcases.UserLogin_001">
    <skipped/>
  </testcase> <!-- UserLogin -->
  <testcase name="UserLogin" time="0.0" classname="com.haiberg.automation.apps.client.testcases.UserLogin_001">
    <skipped/>
  </testcase> <!-- UserLogin -->
</testsuite> <!-- UserLogin_001 -->
