<?xml version="1.0" encoding="UTF-8"?>
<testng-results skipped="0" failed="0" total="2" passed="2">
  <reporter-output>
  </reporter-output>
  <suite name="Default suite" duration-ms="22194" started-at="2016-03-09T09:32:02Z" finished-at="2016-03-09T09:32:24Z">
    <groups>
    </groups>
    <test name="QuickAccess test" duration-ms="22194" started-at="2016-03-09T09:32:02Z" finished-at="2016-03-09T09:32:24Z">
      <class name="com.haiberg.automation.apps.client.testcases.UserLogin">
        <test-method status="PASS" signature="setup1()[pri:0, instance:com.haiberg.automation.apps.client.testcases.UserLogin@48030df0]" name="setup1" is-config="true" duration-ms="7" started-at="2016-03-09T17:32:02Z" finished-at="2016-03-09T17:32:02Z">
          <reporter-output>
          </reporter-output>
        </test-method> <!-- setup1 -->
        <test-method status="PASS" signature="setup()[pri:0, instance:com.haiberg.automation.apps.client.testcases.UserLogin@48030df0]" name="setup" is-config="true" duration-ms="6231" started-at="2016-03-09T17:32:03Z" finished-at="2016-03-09T17:32:09Z">
          <reporter-output>
          </reporter-output>
        </test-method> <!-- setup -->
        <test-method status="PASS" signature="CheckUserLogin(java.lang.String, java.lang.String, java.lang.String, java.lang.String)[pri:0, instance:com.haiberg.automation.apps.client.testcases.UserLogin@48030df0]" name="CheckUserLogin" duration-ms="12473" started-at="2016-03-09T17:32:09Z" data-provider="dataGenerater" finished-at="2016-03-09T17:32:22Z">
          <params>
            <param index="0">
              <value>
                <![CDATA[kikp1]]>
              </value>
            </param>
            <param index="1">
              <value>
                <![CDATA[123]]>
              </value>
            </param>
            <param index="2">
              <value>
                <![CDATA[true]]>
              </value>
            </param>
            <param index="3">
              <value>
                <![CDATA[Nachrichten & Vorgänge]]>
              </value>
            </param>
          </params>
          <reporter-output>
          </reporter-output>
        </test-method> <!-- CheckUserLogin -->
        <test-method status="PASS" signature="tearDown()[pri:0, instance:com.haiberg.automation.apps.client.testcases.UserLogin@48030df0]" name="tearDown" is-config="true" duration-ms="0" started-at="2016-03-09T17:32:22Z" finished-at="2016-03-09T17:32:22Z">
          <reporter-output>
          </reporter-output>
        </test-method> <!-- tearDown -->
        <test-method status="PASS" signature="tearDown1()[pri:0, instance:com.haiberg.automation.apps.client.testcases.UserLogin@48030df0]" name="tearDown1" is-config="true" duration-ms="1936" started-at="2016-03-09T17:32:24Z" finished-at="2016-03-09T17:32:26Z">
          <reporter-output>
          </reporter-output>
        </test-method> <!-- tearDown1 -->
      </class> <!-- com.haiberg.automation.apps.client.testcases.UserLogin -->
      <class name="com.haiberg.automation.apps.client.testcases.KIKOpenANewStore01">
        <test-method status="PASS" signature="setup1()[pri:0, instance:com.haiberg.automation.apps.client.testcases.KIKOpenANewStore01@2332ee87]" name="setup1" is-config="true" duration-ms="1" started-at="2016-03-09T17:32:22Z" finished-at="2016-03-09T17:32:22Z">
          <reporter-output>
          </reporter-output>
        </test-method> <!-- setup1 -->
        <test-method status="PASS" signature="CheckKIKOpenANewStore01(java.lang.String, java.lang.String, java.lang.String, java.lang.String, java.lang.String, java.lang.String, java.lang.String, java.lang.String, java.lang.String, java.lang.String, java.lang.String)[pri:0, instance:com.haiberg.automation.apps.client.testcases.KIKOpenANewStore01@2332ee87]" name="CheckKIKOpenANewStore01" duration-ms="2876" started-at="2016-03-09T17:32:22Z" data-provider="dataGenerater" finished-at="2016-03-09T17:32:24Z">
          <params>
            <param index="0">
              <value>
                <![CDATA[0557]]>
              </value>
            </param>
            <param index="1">
              <value>
                <![CDATA[Hamburg]]>
              </value>
            </param>
            <param index="2">
              <value>
                <![CDATA[22335]]>
              </value>
            </param>
            <param index="3">
              <value>
                <![CDATA[Hamburg]]>
              </value>
            </param>
            <param index="4">
              <value>
                <![CDATA[test]]>
              </value>
            </param>
            <param index="5">
              <value>
                <![CDATA[12]]>
              </value>
            </param>
            <param index="6">
              <value>
                <![CDATA[19.02.2016]]>
              </value>
            </param>
            <param index="7">
              <value>
                <![CDATA[2000]]>
              </value>
            </param>
            <param index="8">
              <value>
                <![CDATA[256]]>
              </value>
            </param>
            <param index="9">
              <value>
                <![CDATA[1,744 €]]>
              </value>
            </param>
            <param index="10">
              <value>
                <![CDATA[true]]>
              </value>
            </param>
          </params>
          <reporter-output>
          </reporter-output>
        </test-method> <!-- CheckKIKOpenANewStore01 -->
        <test-method status="PASS" signature="setup()[pri:0, instance:com.haiberg.automation.apps.client.testcases.KIKOpenANewStore01@2332ee87]" name="setup" is-config="true" duration-ms="0" started-at="2016-03-09T17:32:22Z" finished-at="2016-03-09T17:32:22Z">
          <reporter-output>
          </reporter-output>
        </test-method> <!-- setup -->
        <test-method status="PASS" signature="tearDown()[pri:0, instance:com.haiberg.automation.apps.client.testcases.KIKOpenANewStore01@2332ee87]" name="tearDown" is-config="true" duration-ms="0" started-at="2016-03-09T17:32:24Z" finished-at="2016-03-09T17:32:24Z">
          <reporter-output>
          </reporter-output>
        </test-method> <!-- tearDown -->
      </class> <!-- com.haiberg.automation.apps.client.testcases.KIKOpenANewStore01 -->
    </test> <!-- QuickAccess test -->
  </suite> <!-- Default suite -->
</testng-results>
